GAMBET                                                                          
  0.49369D-01  0.49168D-01  0.40623D-02   2   1   0   0   0
  0.16212D+00  0.16148D+00  0.39350D-02   4   1   0   0   0
  0.33326D+00  0.33160D+00  0.49800D-02   6   1   0   0   0
  0.55690D+00  0.55259D+00  0.77357D-02   8   1   0   0   0
  0.71442D+00  0.74182D+00 -0.38354D-01   1   1   0   0   1
  0.73060D+00  0.71066D+00  0.27297D-01   0   1   1   0   0
  0.77415D+00  0.76289D+00  0.14542D-01   2   1   1   0   0
  0.77443D+00  0.79550D+00 -0.27212D-01   3   1   0   0   1
  0.78525D+00  0.79249D+00 -0.92205D-02   2   2   0   0   0
  0.82680D+00  0.81727D+00  0.11521D-01  10   1   0   0   0
  0.82960D+00  0.83215D+00 -0.30687D-02   3   1   0   0   0
  0.87300D+00  0.88352D+00 -0.12053D-01   4   1   1   0   0
  0.88380D+00  0.89167D+00 -0.89062D-02   5   1   0   0   1
  0.89010D+00  0.88509D+00  0.56336D-02   4   2   0   0   0
  0.10233D+01  0.10674D+01 -0.43107D-01   6   1   1   0   0
  0.10429D+01  0.10292D+01  0.13133D-01   7   1   0   0   1
  0.10786D+01  0.10857D+01 -0.65488D-02   0   1   0   1   0
  0.11217D+01  0.11232D+01 -0.13809D-02   2   1   0   1   0
  0.12221D+01  0.12101D+01  0.98461D-02   4   1   0   1   0
  0.12496D+01  0.12061D+01  0.34801D-01   9   1   0   0   1
    0         0.357589797640143D-03
       0.7104800D+00       0.2893200D+00       0.2851900D+00       0.1905200D+00       0.9085600D-01       0.1992200D+00
       0.1296300D+02
  0.49369D-01  0.49168D-01  0.40623D-02   2   1   0   0   0
  0.16212D+00  0.16148D+00  0.39350D-02   4   1   0   0   0
  0.33326D+00  0.33160D+00  0.49800D-02   6   1   0   0   0
  0.55690D+00  0.55259D+00  0.77357D-02   8   1   0   0   0
  0.71442D+00  0.74182D+00 -0.38354D-01   1   1   0   0   1
  0.73060D+00  0.71066D+00  0.27297D-01   0   1   1   0   0
  0.77415D+00  0.76289D+00  0.14542D-01   2   1   1   0   0
  0.77443D+00  0.79550D+00 -0.27212D-01   3   1   0   0   1
  0.78525D+00  0.79249D+00 -0.92205D-02   2   2   0   0   0
  0.82680D+00  0.81727D+00  0.11521D-01  10   1   0   0   0
  0.82960D+00  0.83215D+00 -0.30687D-02   3   1   0   0   0
  0.87300D+00  0.88352D+00 -0.12053D-01   4   1   1   0   0
  0.88380D+00  0.89167D+00 -0.89062D-02   5   1   0   0   1
  0.89010D+00  0.88509D+00  0.56336D-02   4   2   0   0   0
  0.10233D+01  0.10674D+01 -0.43107D-01   6   1   1   0   0
  0.10429D+01  0.10292D+01  0.13133D-01   7   1   0   0   1
  0.10786D+01  0.10857D+01 -0.65488D-02   0   1   0   1   0
  0.11217D+01  0.11232D+01 -0.13809D-02   2   1   0   1   0
  0.12221D+01  0.12101D+01  0.98461D-02   4   1   0   1   0
  0.12496D+01  0.12061D+01  0.34801D-01   9   1   0   0   1
  0.49369D-01  0.49168D-01  0.40623D-02   2   1   0   0   0
  0.16212D+00  0.16148D+00  0.39350D-02   4   1   0   0   0
  0.33326D+00  0.33160D+00  0.49800D-02   6   1   0   0   0
  0.55690D+00  0.55259D+00  0.77357D-02   8   1   0   0   0
  0.71442D+00  0.74182D+00 -0.38354D-01   1   1   0   0   1
  0.73060D+00  0.71066D+00  0.27297D-01   0   1   1   0   0
  0.77415D+00  0.76289D+00  0.14542D-01   2   1   1   0   0
  0.77443D+00  0.79550D+00 -0.27212D-01   3   1   0   0   1
  0.78525D+00  0.79249D+00 -0.92205D-02   2   2   0   0   0
  0.82680D+00  0.81727D+00  0.11521D-01  10   1   0   0   0
  0.82960D+00  0.83215D+00 -0.30687D-02   3   1   0   0   0
  0.87300D+00  0.88352D+00 -0.12053D-01   4   1   1   0   0
  0.88380D+00  0.89167D+00 -0.89062D-02   5   1   0   0   1
  0.89010D+00  0.88509D+00  0.56336D-02   4   2   0   0   0
  0.10233D+01  0.10674D+01 -0.43107D-01   6   1   1   0   0
  0.10429D+01  0.10292D+01  0.13133D-01   7   1   0   0   1
  0.10786D+01  0.10857D+01 -0.65488D-02   0   1   0   1   0
  0.11217D+01  0.11232D+01 -0.13809D-02   2   1   0   1   0
  0.12221D+01  0.12101D+01  0.98461D-02   4   1   0   1   0
  0.12496D+01  0.12061D+01  0.34801D-01   9   1   0   0   1
  0.49369D-01  0.49168D-01  0.40623D-02   2   1   0   0   0
  0.16212D+00  0.16148D+00  0.39350D-02   4   1   0   0   0
  0.33326D+00  0.33160D+00  0.49800D-02   6   1   0   0   0
  0.55690D+00  0.55259D+00  0.77358D-02   8   1   0   0   0
  0.71442D+00  0.74182D+00 -0.38354D-01   1   1   0   0   1
  0.73060D+00  0.71066D+00  0.27297D-01   0   1   1   0   0
  0.77415D+00  0.76289D+00  0.14542D-01   2   1   1   0   0
  0.77443D+00  0.79550D+00 -0.27212D-01   3   1   0   0   1
  0.78525D+00  0.79249D+00 -0.92205D-02   2   2   0   0   0
  0.82680D+00  0.81727D+00  0.11521D-01  10   1   0   0   0
  0.82960D+00  0.83215D+00 -0.30687D-02   3   1   0   0   0
  0.87300D+00  0.88352D+00 -0.12053D-01   4   1   1   0   0
  0.88380D+00  0.89167D+00 -0.89062D-02   5   1   0   0   1
  0.89010D+00  0.88509D+00  0.56337D-02   4   2   0   0   0
  0.10233D+01  0.10674D+01 -0.43107D-01   6   1   1   0   0
  0.10429D+01  0.10292D+01  0.13133D-01   7   1   0   0   1
  0.10786D+01  0.10857D+01 -0.65487D-02   0   1   0   1   0
  0.11217D+01  0.11232D+01 -0.13809D-02   2   1   0   1   0
  0.12221D+01  0.12101D+01  0.98461D-02   4   1   0   1   0
  0.12496D+01  0.12061D+01  0.34801D-01   9   1   0   0   1
  0.49369D-01  0.49168D-01  0.40623D-02   2   1   0   0   0
  0.16212D+00  0.16148D+00  0.39350D-02   4   1   0   0   0
  0.33326D+00  0.33160D+00  0.49800D-02   6   1   0   0   0
  0.55690D+00  0.55259D+00  0.77357D-02   8   1   0   0   0
  0.71442D+00  0.74182D+00 -0.38354D-01   1   1   0   0   1
  0.73060D+00  0.71066D+00  0.27297D-01   0   1   1   0   0
  0.77415D+00  0.76289D+00  0.14542D-01   2   1   1   0   0
  0.77443D+00  0.79550D+00 -0.27212D-01   3   1   0   0   1
  0.78525D+00  0.79249D+00 -0.92205D-02   2   2   0   0   0
  0.82680D+00  0.81727D+00  0.11521D-01  10   1   0   0   0
  0.82960D+00  0.83215D+00 -0.30687D-02   3   1   0   0   0
  0.87300D+00  0.88352D+00 -0.12053D-01   4   1   1   0   0
  0.88380D+00  0.89167D+00 -0.89062D-02   5   1   0   0   1
  0.89010D+00  0.88509D+00  0.56336D-02   4   2   0   0   0
  0.10233D+01  0.10674D+01 -0.43107D-01   6   1   1   0   0
  0.10429D+01  0.10292D+01  0.13133D-01   7   1   0   0   1
  0.10786D+01  0.10857D+01 -0.65488D-02   0   1   0   1   0
  0.11217D+01  0.11232D+01 -0.13809D-02   2   1   0   1   0
  0.12221D+01  0.12101D+01  0.98461D-02   4   1   0   1   0
  0.12496D+01  0.12061D+01  0.34801D-01   9   1   0   0   1
  0.49369D-01  0.49168D-01  0.40623D-02   2   1   0   0   0
  0.16212D+00  0.16148D+00  0.39350D-02   4   1   0   0   0
  0.33326D+00  0.33160D+00  0.49800D-02   6   1   0   0   0
  0.55690D+00  0.55259D+00  0.77357D-02   8   1   0   0   0
  0.71442D+00  0.74182D+00 -0.38354D-01   1   1   0   0   1
  0.73060D+00  0.71066D+00  0.27297D-01   0   1   1   0   0
  0.77415D+00  0.76289D+00  0.14542D-01   2   1   1   0   0
  0.77443D+00  0.79550D+00 -0.27212D-01   3   1   0   0   1
  0.78525D+00  0.79249D+00 -0.92205D-02   2   2   0   0   0
  0.82680D+00  0.81727D+00  0.11521D-01  10   1   0   0   0
  0.82960D+00  0.83215D+00 -0.30687D-02   3   1   0   0   0
  0.87300D+00  0.88352D+00 -0.12053D-01   4   1   1   0   0
  0.88380D+00  0.89167D+00 -0.89062D-02   5   1   0   0   1
  0.89010D+00  0.88509D+00  0.56336D-02   4   2   0   0   0
  0.10233D+01  0.10674D+01 -0.43107D-01   6   1   1   0   0
  0.10429D+01  0.10292D+01  0.13133D-01   7   1   0   0   1
  0.10786D+01  0.10857D+01 -0.65488D-02   0   1   0   1   0
  0.11217D+01  0.11232D+01 -0.13809D-02   2   1   0   1   0
  0.12221D+01  0.12101D+01  0.98461D-02   4   1   0   1   0
  0.12496D+01  0.12061D+01  0.34801D-01   9   1   0   0   1
  0.49369D-01  0.49168D-01  0.40623D-02   2   1   0   0   0
  0.16212D+00  0.16148D+00  0.39350D-02   4   1   0   0   0
  0.33326D+00  0.33160D+00  0.49800D-02   6   1   0   0   0
  0.55690D+00  0.55259D+00  0.77357D-02   8   1   0   0   0
  0.71442D+00  0.74182D+00 -0.38354D-01   1   1   0   0   1
  0.73060D+00  0.71066D+00  0.27297D-01   0   1   1   0   0
  0.77415D+00  0.76289D+00  0.14542D-01   2   1   1   0   0
  0.77443D+00  0.79550D+00 -0.27212D-01   3   1   0   0   1
  0.78525D+00  0.79249D+00 -0.92205D-02   2   2   0   0   0
  0.82680D+00  0.81727D+00  0.11521D-01  10   1   0   0   0
  0.82960D+00  0.83215D+00 -0.30687D-02   3   1   0   0   0
  0.87300D+00  0.88352D+00 -0.12053D-01   4   1   1   0   0
  0.88380D+00  0.89167D+00 -0.89062D-02   5   1   0   0   1
  0.89010D+00  0.88509D+00  0.56336D-02   4   2   0   0   0
  0.10233D+01  0.10674D+01 -0.43107D-01   6   1   1   0   0
  0.10429D+01  0.10292D+01  0.13133D-01   7   1   0   0   1
  0.10786D+01  0.10857D+01 -0.65487D-02   0   1   0   1   0
  0.11217D+01  0.11232D+01 -0.13809D-02   2   1   0   1   0
  0.12221D+01  0.12101D+01  0.98461D-02   4   1   0   1   0
  0.12496D+01  0.12061D+01  0.34801D-01   9   1   0   0   1
  0.49369D-01  0.49168D-01  0.40623D-02   2   1   0   0   0
  0.16212D+00  0.16148D+00  0.39350D-02   4   1   0   0   0
  0.33326D+00  0.33160D+00  0.49800D-02   6   1   0   0   0
  0.55690D+00  0.55259D+00  0.77357D-02   8   1   0   0   0
  0.71442D+00  0.74182D+00 -0.38354D-01   1   1   0   0   1
  0.73060D+00  0.71066D+00  0.27297D-01   0   1   1   0   0
  0.77415D+00  0.76289D+00  0.14542D-01   2   1   1   0   0
  0.77443D+00  0.79550D+00 -0.27212D-01   3   1   0   0   1
  0.78525D+00  0.79249D+00 -0.92205D-02   2   2   0   0   0
  0.82680D+00  0.81727D+00  0.11521D-01  10   1   0   0   0
  0.82960D+00  0.83215D+00 -0.30687D-02   3   1   0   0   0
  0.87300D+00  0.88352D+00 -0.12053D-01   4   1   1   0   0
  0.88380D+00  0.89167D+00 -0.89062D-02   5   1   0   0   1
  0.89010D+00  0.88509D+00  0.56336D-02   4   2   0   0   0
  0.10233D+01  0.10674D+01 -0.43107D-01   6   1   1   0   0
  0.10429D+01  0.10292D+01  0.13133D-01   7   1   0   0   1
  0.10786D+01  0.10857D+01 -0.65488D-02   0   1   0   1   0
  0.11217D+01  0.11232D+01 -0.13809D-02   2   1   0   1   0
  0.12221D+01  0.12101D+01  0.98461D-02   4   1   0   1   0
  0.12496D+01  0.12061D+01  0.34801D-01   9   1   0   0   1
  0.49369D-01  0.49168D-01  0.40623D-02   2   1   0   0   0
  0.16212D+00  0.16148D+00  0.39350D-02   4   1   0   0   0
  0.33326D+00  0.33160D+00  0.49800D-02   6   1   0   0   0
  0.55690D+00  0.55259D+00  0.77357D-02   8   1   0   0   0
  0.71442D+00  0.74182D+00 -0.38354D-01   1   1   0   0   1
  0.73060D+00  0.71066D+00  0.27297D-01   0   1   1   0   0
  0.77415D+00  0.76289D+00  0.14542D-01   2   1   1   0   0
  0.77443D+00  0.79550D+00 -0.27212D-01   3   1   0   0   1
  0.78525D+00  0.79249D+00 -0.92205D-02   2   2   0   0   0
  0.82680D+00  0.81727D+00  0.11521D-01  10   1   0   0   0
  0.82960D+00  0.83215D+00 -0.30687D-02   3   1   0   0   0
  0.87300D+00  0.88352D+00 -0.12053D-01   4   1   1   0   0
  0.88380D+00  0.89167D+00 -0.89062D-02   5   1   0   0   1
  0.89010D+00  0.88509D+00  0.56337D-02   4   2   0   0   0
  0.10233D+01  0.10674D+01 -0.43107D-01   6   1   1   0   0
  0.10429D+01  0.10292D+01  0.13133D-01   7   1   0   0   1
  0.10786D+01  0.10857D+01 -0.65488D-02   0   1   0   1   0
  0.11217D+01  0.11232D+01 -0.13809D-02   2   1   0   1   0
  0.12221D+01  0.12101D+01  0.98461D-02   4   1   0   1   0
  0.12496D+01  0.12061D+01  0.34801D-01   9   1   0   0   1
  0.49369D-01  0.49168D-01  0.40623D-02   2   1   0   0   0
  0.16212D+00  0.16148D+00  0.39350D-02   4   1   0   0   0
  0.33326D+00  0.33160D+00  0.49800D-02   6   1   0   0   0
  0.55690D+00  0.55259D+00  0.77357D-02   8   1   0   0   0
  0.71442D+00  0.74182D+00 -0.38354D-01   1   1   0   0   1
  0.73060D+00  0.71066D+00  0.27297D-01   0   1   1   0   0
  0.77415D+00  0.76289D+00  0.14542D-01   2   1   1   0   0
  0.77443D+00  0.79550D+00 -0.27212D-01   3   1   0   0   1
  0.78525D+00  0.79249D+00 -0.92205D-02   2   2   0   0   0
  0.82680D+00  0.81727D+00  0.11521D-01  10   1   0   0   0
  0.82960D+00  0.83215D+00 -0.30687D-02   3   1   0   0   0
  0.87300D+00  0.88352D+00 -0.12053D-01   4   1   1   0   0
  0.88380D+00  0.89167D+00 -0.89062D-02   5   1   0   0   1
  0.89010D+00  0.88509D+00  0.56336D-02   4   2   0   0   0
  0.10233D+01  0.10674D+01 -0.43107D-01   6   1   1   0   0
  0.10429D+01  0.10292D+01  0.13133D-01   7   1   0   0   1
  0.10786D+01  0.10857D+01 -0.65488D-02   0   1   0   1   0
  0.11217D+01  0.11232D+01 -0.13809D-02   2   1   0   1   0
  0.12221D+01  0.12101D+01  0.98461D-02   4   1   0   1   0
  0.12496D+01  0.12061D+01  0.34801D-01   9   1   0   0   1
  0.49369D-01  0.49168D-01  0.40623D-02   2   1   0   0   0
  0.16212D+00  0.16148D+00  0.39350D-02   4   1   0   0   0
  0.33326D+00  0.33160D+00  0.49800D-02   6   1   0   0   0
  0.55690D+00  0.55259D+00  0.77357D-02   8   1   0   0   0
  0.71442D+00  0.74182D+00 -0.38354D-01   1   1   0   0   1
  0.73060D+00  0.71066D+00  0.27297D-01   0   1   1   0   0
  0.77415D+00  0.76289D+00  0.14542D-01   2   1   1   0   0
  0.77443D+00  0.79550D+00 -0.27212D-01   3   1   0   0   1
  0.78525D+00  0.79249D+00 -0.92205D-02   2   2   0   0   0
  0.82680D+00  0.81727D+00  0.11521D-01  10   1   0   0   0
  0.82960D+00  0.83215D+00 -0.30687D-02   3   1   0   0   0
  0.87300D+00  0.88352D+00 -0.12053D-01   4   1   1   0   0
  0.88380D+00  0.89167D+00 -0.89062D-02   5   1   0   0   1
  0.89010D+00  0.88509D+00  0.56336D-02   4   2   0   0   0
  0.10233D+01  0.10674D+01 -0.43107D-01   6   1   1   0   0
  0.10429D+01  0.10292D+01  0.13133D-01   7   1   0   0   1
  0.10786D+01  0.10857D+01 -0.65488D-02   0   1   0   1   0
  0.11217D+01  0.11232D+01 -0.13809D-02   2   1   0   1   0
  0.12221D+01  0.12101D+01  0.98461D-02   4   1   0   1   0
  0.12496D+01  0.12061D+01  0.34801D-01   9   1   0   0   1
  0.49369D-01  0.49168D-01  0.40623D-02   2   1   0   0   0
  0.16212D+00  0.16148D+00  0.39350D-02   4   1   0   0   0
  0.33326D+00  0.33160D+00  0.49800D-02   6   1   0   0   0
  0.55690D+00  0.55259D+00  0.77357D-02   8   1   0   0   0
  0.71442D+00  0.74182D+00 -0.38354D-01   1   1   0   0   1
  0.73060D+00  0.71066D+00  0.27297D-01   0   1   1   0   0
  0.77415D+00  0.76289D+00  0.14542D-01   2   1   1   0   0
  0.77443D+00  0.79550D+00 -0.27212D-01   3   1   0   0   1
  0.78525D+00  0.79249D+00 -0.92205D-02   2   2   0   0   0
  0.82680D+00  0.81727D+00  0.11521D-01  10   1   0   0   0
  0.82960D+00  0.83215D+00 -0.30687D-02   3   1   0   0   0
  0.87300D+00  0.88352D+00 -0.12053D-01   4   1   1   0   0
  0.88380D+00  0.89167D+00 -0.89062D-02   5   1   0   0   1
  0.89010D+00  0.88509D+00  0.56336D-02   4   2   0   0   0
  0.10233D+01  0.10674D+01 -0.43107D-01   6   1   1   0   0
  0.10429D+01  0.10292D+01  0.13133D-01   7   1   0   0   1
  0.10786D+01  0.10857D+01 -0.65488D-02   0   1   0   1   0
  0.11217D+01  0.11232D+01 -0.13809D-02   2   1   0   1   0
  0.12221D+01  0.12101D+01  0.98461D-02   4   1   0   1   0
  0.12496D+01  0.12061D+01  0.34801D-01   9   1   0   0   1
  0.49369D-01  0.49168D-01  0.40623D-02   2   1   0   0   0
  0.16212D+00  0.16148D+00  0.39350D-02   4   1   0   0   0
  0.33326D+00  0.33160D+00  0.49800D-02   6   1   0   0   0
  0.55690D+00  0.55259D+00  0.77357D-02   8   1   0   0   0
  0.71442D+00  0.74182D+00 -0.38354D-01   1   1   0   0   1
  0.73060D+00  0.71066D+00  0.27297D-01   0   1   1   0   0
  0.77415D+00  0.76289D+00  0.14542D-01   2   1   1   0   0
  0.77443D+00  0.79550D+00 -0.27212D-01   3   1   0   0   1
  0.78525D+00  0.79249D+00 -0.92205D-02   2   2   0   0   0
  0.82680D+00  0.81727D+00  0.11521D-01  10   1   0   0   0
  0.82960D+00  0.83215D+00 -0.30687D-02   3   1   0   0   0
  0.87300D+00  0.88352D+00 -0.12053D-01   4   1   1   0   0
  0.88380D+00  0.89167D+00 -0.89062D-02   5   1   0   0   1
  0.89010D+00  0.88509D+00  0.56336D-02   4   2   0   0   0
  0.10233D+01  0.10674D+01 -0.43107D-01   6   1   1   0   0
  0.10429D+01  0.10292D+01  0.13133D-01   7   1   0   0   1
  0.10786D+01  0.10857D+01 -0.65488D-02   0   1   0   1   0
  0.11217D+01  0.11232D+01 -0.13809D-02   2   1   0   1   0
  0.12221D+01  0.12101D+01  0.98461D-02   4   1   0   1   0
  0.12496D+01  0.12061D+01  0.34801D-01   9   1   0   0   1
  0.49369D-01  0.49168D-01  0.40623D-02   2   1   0   0   0
  0.16212D+00  0.16148D+00  0.39350D-02   4   1   0   0   0
  0.33326D+00  0.33160D+00  0.49800D-02   6   1   0   0   0
  0.55690D+00  0.55259D+00  0.77357D-02   8   1   0   0   0
  0.71442D+00  0.74182D+00 -0.38354D-01   1   1   0   0   1
  0.73060D+00  0.71066D+00  0.27297D-01   0   1   1   0   0
  0.77415D+00  0.76289D+00  0.14542D-01   2   1   1   0   0
  0.77443D+00  0.79550D+00 -0.27212D-01   3   1   0   0   1
  0.78525D+00  0.79249D+00 -0.92205D-02   2   2   0   0   0
  0.82680D+00  0.81727D+00  0.11521D-01  10   1   0   0   0
  0.82960D+00  0.83215D+00 -0.30687D-02   3   1   0   0   0
  0.87300D+00  0.88352D+00 -0.12053D-01   4   1   1   0   0
  0.88380D+00  0.89167D+00 -0.89062D-02   5   1   0   0   1
  0.89010D+00  0.88509D+00  0.56336D-02   4   2   0   0   0
  0.10233D+01  0.10674D+01 -0.43107D-01   6   1   1   0   0
  0.10429D+01  0.10292D+01  0.13133D-01   7   1   0   0   1
  0.10786D+01  0.10857D+01 -0.65488D-02   0   1   0   1   0
  0.11217D+01  0.11232D+01 -0.13809D-02   2   1   0   1   0
  0.12221D+01  0.12101D+01  0.98461D-02   4   1   0   1   0
  0.12496D+01  0.12061D+01  0.34801D-01   9   1   0   0   1
  0.49369D-01  0.49168D-01  0.40623D-02   2   1   0   0   0
  0.16212D+00  0.16148D+00  0.39350D-02   4   1   0   0   0
  0.33326D+00  0.33160D+00  0.49800D-02   6   1   0   0   0
  0.55690D+00  0.55259D+00  0.77357D-02   8   1   0   0   0
  0.71442D+00  0.74182D+00 -0.38354D-01   1   1   0   0   1
  0.73060D+00  0.71066D+00  0.27297D-01   0   1   1   0   0
  0.77415D+00  0.76289D+00  0.14542D-01   2   1   1   0   0
  0.77443D+00  0.79550D+00 -0.27212D-01   3   1   0   0   1
  0.78525D+00  0.79249D+00 -0.92205D-02   2   2   0   0   0
  0.82680D+00  0.81727D+00  0.11521D-01  10   1   0   0   0
  0.82960D+00  0.83215D+00 -0.30687D-02   3   1   0   0   0
  0.87300D+00  0.88352D+00 -0.12053D-01   4   1   1   0   0
  0.88380D+00  0.89167D+00 -0.89062D-02   5   1   0   0   1
  0.89010D+00  0.88509D+00  0.56336D-02   4   2   0   0   0
  0.10233D+01  0.10674D+01 -0.43107D-01   6   1   1   0   0
  0.10429D+01  0.10292D+01  0.13133D-01   7   1   0   0   1
  0.10786D+01  0.10857D+01 -0.65488D-02   0   1   0   1   0
  0.11217D+01  0.11232D+01 -0.13809D-02   2   1   0   1   0
  0.12221D+01  0.12101D+01  0.98461D-02   4   1   0   1   0
  0.12496D+01  0.12061D+01  0.34801D-01   9   1   0   0   1
  0.49369D-01  0.45601D-01  0.76326D-01   2   1   0   0   0
  0.16212D+00  0.14997D+00  0.74948D-01   4   1   0   0   0
  0.33326D+00  0.30859D+00  0.74029D-01   6   1   0   0   0
  0.55690D+00  0.51546D+00  0.74408D-01   8   1   0   0   0
  0.71442D+00  0.69498D+00  0.27204D-01   1   1   0   0   1
  0.73060D+00  0.70949D+00  0.28895D-01   0   1   1   0   0
  0.77415D+00  0.75822D+00  0.20572D-01   2   1   1   0   0
  0.77443D+00  0.74653D+00  0.36028D-01   3   1   0   0   1
  0.78525D+00  0.72155D+00  0.81124D-01   2   2   0   0   0
  0.82680D+00  0.76417D+00  0.75755D-01  10   1   0   0   0
  0.82960D+00  0.75925D+00  0.84794D-01   3   1   0   0   0
  0.87300D+00  0.87047D+00  0.28927D-02   4   1   1   0   0
  0.88380D+00  0.83879D+00  0.50929D-01   5   1   0   0   1
  0.89010D+00  0.80962D+00  0.90413D-01   4   2   0   0   0
  0.10233D+01  0.10416D+01 -0.17931D-01   6   1   1   0   0
  0.10429D+01  0.97063D+00  0.69300D-01   7   1   0   0   1
  0.10786D+01  0.10237D+01  0.50868D-01   0   1   0   1   0
  0.11217D+01  0.10594D+01  0.55522D-01   2   1   0   1   0
  0.12221D+01  0.11419D+01  0.65652D-01   4   1   0   1   0
  0.12496D+01  0.11401D+01  0.87623D-01   9   1   0   0   1
  0.49369D-01  0.48448D-01  0.18661D-01   2   1   0   0   0
  0.16212D+00  0.15916D+00  0.18267D-01   4   1   0   0   0
  0.33326D+00  0.32696D+00  0.18890D-01   6   1   0   0   0
  0.55690D+00  0.54513D+00  0.21138D-01   8   1   0   0   0
  0.71442D+00  0.73244D+00 -0.25219D-01   1   1   0   0   1
  0.73060D+00  0.71042D+00  0.27624D-01   0   1   1   0   0
  0.77415D+00  0.76196D+00  0.15745D-01   2   1   1   0   0
  0.77443D+00  0.78570D+00 -0.14555D-01   3   1   0   0   1
  0.78525D+00  0.77803D+00  0.91998D-02   2   2   0   0   0
  0.82680D+00  0.80662D+00  0.24407D-01  10   1   0   0   0
  0.82960D+00  0.81730D+00  0.14829D-01   3   1   0   0   0
  0.87300D+00  0.88091D+00 -0.90643D-02   4   1   1   0   0
  0.88380D+00  0.88110D+00  0.30501D-02   5   1   0   0   1
  0.89010D+00  0.86973D+00  0.22882D-01   4   2   0   0   0
  0.10233D+01  0.10622D+01 -0.38058D-01   6   1   1   0   0
  0.10429D+01  0.10175D+01  0.24337D-01   7   1   0   0   1
  0.10786D+01  0.10733D+01  0.49014D-02   0   1   0   1   0
  0.11217D+01  0.11105D+01  0.99651D-02   2   1   0   1   0
  0.12221D+01  0.11965D+01  0.20970D-01   4   1   0   1   0
  0.12496D+01  0.11930D+01  0.45321D-01   9   1   0   0   1
  0.49369D-01  0.49024D-01  0.69876D-02   2   1   0   0   0
  0.16212D+00  0.16102D+00  0.68064D-02   4   1   0   0   0
  0.33326D+00  0.33067D+00  0.77659D-02   6   1   0   0   0
  0.55690D+00  0.55110D+00  0.10419D-01   8   1   0   0   0
  0.71442D+00  0.73994D+00 -0.35726D-01   1   1   0   0   1
  0.73060D+00  0.71061D+00  0.27363D-01   0   1   1   0   0
  0.77415D+00  0.76271D+00  0.14782D-01   2   1   1   0   0
  0.77443D+00  0.79354D+00 -0.24681D-01   3   1   0   0   1
  0.78525D+00  0.78959D+00 -0.55224D-02   2   2   0   0   0
  0.82680D+00  0.81514D+00  0.14100D-01  10   1   0   0   0
  0.82960D+00  0.82917D+00  0.52367D-03   3   1   0   0   0
  0.87300D+00  0.88300D+00 -0.11455D-01   4   1   1   0   0
  0.88380D+00  0.88956D+00 -0.65156D-02   5   1   0   0   1
  0.89010D+00  0.88200D+00  0.90949D-02   4   2   0   0   0
  0.10233D+01  0.10664D+01 -0.42097D-01   6   1   1   0   0
  0.10429D+01  0.10269D+01  0.15372D-01   7   1   0   0   1
  0.10786D+01  0.10832D+01 -0.42599D-02   0   1   0   1   0
  0.11217D+01  0.11207D+01  0.88698D-03   2   1   0   1   0
  0.12221D+01  0.12073D+01  0.12069D-01   4   1   0   1   0
  0.12496D+01  0.12035D+01  0.36903D-01   9   1   0   0   1
    1         0.356881082959967D-03
       0.7104373D+00       0.2888873D+00       0.2851514D+00       0.1906509D+00       0.9075647D-01       0.1991495D+00
       0.1296299D+02
 0.71044E+00 0.28889E+00 0.28515E+00 0.19065E+00 0.22100E+00 0.65000E-01
 0.10000E-04 0.00000E+00 0.70000E+00 0.10000E+00 0.00000E+00 0.90756E-01
 0.00000E+00 0.19915E+00 0.00000E+00 0.12963E+02 0.00000E+00
    1         0.356045221747699D-03
       0.7104458D+00       0.2889739D+00       0.2851592D+00       0.1906247D+00       0.9077638D-01       0.1991636D+00
       0.1296300D+02
 0.71045E+00 0.28897E+00 0.28516E+00 0.19062E+00 0.22100E+00 0.65000E-01
 0.10000E-04 0.00000E+00 0.70000E+00 0.10000E+00 0.00000E+00 0.90776E-01
 0.00000E+00 0.19916E+00 0.00000E+00 0.12963E+02 0.00000E+00
    1         0.288504958008682D-03
       0.7104544D+00       0.2890604D+00       0.2851669D+00       0.1905985D+00       0.9079628D-01       0.1991777D+00
       0.1296300D+02
 0.71045E+00 0.28906E+00 0.28517E+00 0.19060E+00 0.22100E+00 0.65000E-01
 0.10000E-04 0.00000E+00 0.70000E+00 0.10000E+00 0.00000E+00 0.90796E-01
 0.00000E+00 0.19918E+00 0.00000E+00 0.12963E+02 0.00000E+00
    1         0.288495257823699D-03
       0.7104544D+00       0.2890611D+00       0.2851669D+00       0.1905983D+00       0.9079644D-01       0.1991778D+00
       0.1296300D+02
 0.71045E+00 0.28906E+00 0.28517E+00 0.19060E+00 0.22100E+00 0.65000E-01
 0.10000E-04 0.00000E+00 0.70000E+00 0.10000E+00 0.00000E+00 0.90796E-01
 0.00000E+00 0.19918E+00 0.00000E+00 0.12963E+02 0.00000E+00
    1         0.288485179954446D-03
       0.7104545D+00       0.2890618D+00       0.2851670D+00       0.1905981D+00       0.9079660D-01       0.1991779D+00
       0.1296300D+02
 0.71045E+00 0.28906E+00 0.28517E+00 0.19060E+00 0.22100E+00 0.65000E-01
 0.10000E-04 0.00000E+00 0.70000E+00 0.10000E+00 0.00000E+00 0.90797E-01
 0.00000E+00 0.19918E+00 0.00000E+00 0.12963E+02 0.00000E+00
    1         0.288475203325853D-03
       0.7104546D+00       0.2890625D+00       0.2851671D+00       0.1905979D+00       0.9079676D-01       0.1991781D+00
       0.1296300D+02
 0.71045E+00 0.28906E+00 0.28517E+00 0.19060E+00 0.22100E+00 0.65000E-01
 0.10000E-04 0.00000E+00 0.70000E+00 0.10000E+00 0.00000E+00 0.90797E-01
 0.00000E+00 0.19918E+00 0.00000E+00 0.12963E+02 0.00000E+00
    1         0.288465096037763D-03
       0.7104546D+00       0.2890632D+00       0.2851671D+00       0.1905977D+00       0.9079692D-01       0.1991782D+00
       0.1296300D+02
 0.71045E+00 0.28906E+00 0.28517E+00 0.19060E+00 0.22100E+00 0.65000E-01
 0.10000E-04 0.00000E+00 0.70000E+00 0.10000E+00 0.00000E+00 0.90797E-01
 0.00000E+00 0.19918E+00 0.00000E+00 0.12963E+02 0.00000E+00
    1         0.288463045399378D-03
       0.7104546D+00       0.2890633D+00       0.2851671D+00       0.1905976D+00       0.9079695D-01       0.1991782D+00
       0.1296300D+02
 0.71045E+00 0.28906E+00 0.28517E+00 0.19060E+00 0.22100E+00 0.65000E-01
 0.10000E-04 0.00000E+00 0.70000E+00 0.10000E+00 0.00000E+00 0.90797E-01
 0.00000E+00 0.19918E+00 0.00000E+00 0.12963E+02 0.00000E+00
    1         0.288460995888058D-03
       0.7104547D+00       0.2890634D+00       0.2851671D+00       0.1905976D+00       0.9079698D-01       0.1991782D+00
       0.1296300D+02
 0.71045E+00 0.28906E+00 0.28517E+00 0.19060E+00 0.22100E+00 0.65000E-01
 0.10000E-04 0.00000E+00 0.70000E+00 0.10000E+00 0.00000E+00 0.90797E-01
 0.00000E+00 0.19918E+00 0.00000E+00 0.12963E+02 0.00000E+00
    1         0.288459002752672D-03
       0.7104547D+00       0.2890636D+00       0.2851672D+00       0.1905976D+00       0.9079702D-01       0.1991782D+00
       0.1296300D+02
 0.71045E+00 0.28906E+00 0.28517E+00 0.19060E+00 0.22100E+00 0.65000E-01
 0.10000E-04 0.00000E+00 0.70000E+00 0.10000E+00 0.00000E+00 0.90797E-01
 0.00000E+00 0.19918E+00 0.00000E+00 0.12963E+02 0.00000E+00
    1         0.288457114278478D-03
       0.7104547D+00       0.2890637D+00       0.2851672D+00       0.1905975D+00       0.9079705D-01       0.1991783D+00
       0.1296300D+02
 0.71045E+00 0.28906E+00 0.28517E+00 0.19060E+00 0.22100E+00 0.65000E-01
 0.10000E-04 0.00000E+00 0.70000E+00 0.10000E+00 0.00000E+00 0.90797E-01
 0.00000E+00 0.19918E+00 0.00000E+00 0.12963E+02 0.00000E+00
    1         0.288456754241097D-03
       0.7104547D+00       0.2890637D+00       0.2851672D+00       0.1905975D+00       0.9079705D-01       0.1991783D+00
       0.1296300D+02
 0.71045E+00 0.28906E+00 0.28517E+00 0.19060E+00 0.22100E+00 0.65000E-01
 0.10000E-04 0.00000E+00 0.70000E+00 0.10000E+00 0.00000E+00 0.90797E-01
 0.00000E+00 0.19918E+00 0.00000E+00 0.12963E+02 0.00000E+00
    1         0.288456452042417D-03
       0.7104547D+00       0.2890638D+00       0.2851672D+00       0.1905975D+00       0.9079706D-01       0.1991783D+00
       0.1296300D+02
 0.71045E+00 0.28906E+00 0.28517E+00 0.19060E+00 0.22100E+00 0.65000E-01
 0.10000E-04 0.00000E+00 0.70000E+00 0.10000E+00 0.00000E+00 0.90797E-01
 0.00000E+00 0.19918E+00 0.00000E+00 0.12963E+02 0.00000E+00
    1         0.288456062042601D-03
       0.7104547D+00       0.2890638D+00       0.2851672D+00       0.1905975D+00       0.9079707D-01       0.1991783D+00
       0.1296300D+02
 0.71045E+00 0.28906E+00 0.28517E+00 0.19060E+00 0.22100E+00 0.65000E-01
 0.10000E-04 0.00000E+00 0.70000E+00 0.10000E+00 0.00000E+00 0.90797E-01
 0.00000E+00 0.19918E+00 0.00000E+00 0.12963E+02 0.00000E+00
    1         0.288455941146513D-03
       0.7104547D+00       0.2890638D+00       0.2851672D+00       0.1905975D+00       0.9079707D-01       0.1991783D+00
       0.1296300D+02
 0.71045E+00 0.28906E+00 0.28517E+00 0.19060E+00 0.22100E+00 0.65000E-01
 0.10000E-04 0.00000E+00 0.70000E+00 0.10000E+00 0.00000E+00 0.90797E-01
 0.00000E+00 0.19918E+00 0.00000E+00 0.12963E+02 0.00000E+00
